2011.01.06 18:34 B E:\Meine Website\06.01.2011\securimage\audio\0.mp3 <-- MeineSeite2 /securimage/audio 0.mp3
2011.01.06 18:34 B E:\Meine Website\06.01.2011\securimage\audio\0.wav <-- MeineSeite2 /securimage/audio 0.wav
2011.01.06 18:34 B E:\Meine Website\06.01.2011\securimage\audio\1.mp3 <-- MeineSeite2 /securimage/audio 1.mp3
2011.01.06 18:34 B E:\Meine Website\06.01.2011\securimage\audio\1.wav <-- MeineSeite2 /securimage/audio 1.wav
2011.01.06 18:34 B E:\Meine Website\06.01.2011\securimage\audio\2.mp3 <-- MeineSeite2 /securimage/audio 2.mp3
2011.01.06 18:34 B E:\Meine Website\06.01.2011\securimage\audio\2.wav <-- MeineSeite2 /securimage/audio 2.wav
2011.01.06 18:34 B E:\Meine Website\06.01.2011\securimage\audio\3.mp3 <-- MeineSeite2 /securimage/audio 3.mp3
2011.01.06 18:34 B E:\Meine Website\06.01.2011\securimage\audio\3.wav <-- MeineSeite2 /securimage/audio 3.wav
2011.01.06 18:34 B E:\Meine Website\06.01.2011\securimage\audio\4.mp3 <-- MeineSeite2 /securimage/audio 4.mp3
2011.01.06 18:34 B E:\Meine Website\06.01.2011\securimage\audio\4.wav <-- MeineSeite2 /securimage/audio 4.wav
2011.01.06 18:34 B E:\Meine Website\06.01.2011\securimage\audio\5.mp3 <-- MeineSeite2 /securimage/audio 5.mp3
2011.01.06 18:34 B E:\Meine Website\06.01.2011\securimage\audio\5.wav <-- MeineSeite2 /securimage/audio 5.wav
2011.01.06 18:34 B E:\Meine Website\06.01.2011\securimage\audio\6.mp3 <-- MeineSeite2 /securimage/audio 6.mp3
2011.01.06 18:34 B E:\Meine Website\06.01.2011\securimage\audio\6.wav <-- MeineSeite2 /securimage/audio 6.wav
2011.01.06 18:34 B E:\Meine Website\06.01.2011\securimage\audio\7.mp3 <-- MeineSeite2 /securimage/audio 7.mp3
2011.01.06 18:34 B E:\Meine Website\06.01.2011\securimage\audio\7.wav <-- MeineSeite2 /securimage/audio 7.wav
2011.01.06 18:34 B E:\Meine Website\06.01.2011\securimage\audio\8.mp3 <-- MeineSeite2 /securimage/audio 8.mp3
2011.01.06 18:34 B E:\Meine Website\06.01.2011\securimage\audio\8.wav <-- MeineSeite2 /securimage/audio 8.wav
2011.01.06 18:34 B E:\Meine Website\06.01.2011\securimage\audio\9.mp3 <-- MeineSeite2 /securimage/audio 9.mp3
2011.01.06 18:34 B E:\Meine Website\06.01.2011\securimage\audio\9.wav <-- MeineSeite2 /securimage/audio 9.wav
2011.01.06 18:34 B E:\Meine Website\06.01.2011\securimage\audio\A.mp3 <-- MeineSeite2 /securimage/audio A.mp3
2011.01.06 18:34 B E:\Meine Website\06.01.2011\securimage\audio\A.wav <-- MeineSeite2 /securimage/audio A.wav
2011.01.06 18:34 B E:\Meine Website\06.01.2011\securimage\audio\B.mp3 <-- MeineSeite2 /securimage/audio B.mp3
2011.01.06 18:34 B E:\Meine Website\06.01.2011\securimage\audio\B.wav <-- MeineSeite2 /securimage/audio B.wav
2011.01.06 18:34 B E:\Meine Website\06.01.2011\securimage\audio\C.mp3 <-- MeineSeite2 /securimage/audio C.mp3
2011.01.06 18:34 B E:\Meine Website\06.01.2011\securimage\audio\C.wav <-- MeineSeite2 /securimage/audio C.wav
2011.01.06 18:34 B E:\Meine Website\06.01.2011\securimage\audio\D.mp3 <-- MeineSeite2 /securimage/audio D.mp3
2011.01.06 18:34 B E:\Meine Website\06.01.2011\securimage\audio\D.wav <-- MeineSeite2 /securimage/audio D.wav
2011.01.06 18:34 B E:\Meine Website\06.01.2011\securimage\audio\E.mp3 <-- MeineSeite2 /securimage/audio E.mp3
2011.01.06 18:34 B E:\Meine Website\06.01.2011\securimage\audio\E.wav <-- MeineSeite2 /securimage/audio E.wav
2011.01.06 18:34 B E:\Meine Website\06.01.2011\securimage\audio\F.mp3 <-- MeineSeite2 /securimage/audio F.mp3
2011.01.06 18:34 B E:\Meine Website\06.01.2011\securimage\audio\F.wav <-- MeineSeite2 /securimage/audio F.wav
2011.01.06 18:34 B E:\Meine Website\06.01.2011\securimage\audio\G.mp3 <-- MeineSeite2 /securimage/audio G.mp3
2011.01.06 18:34 B E:\Meine Website\06.01.2011\securimage\audio\G.wav <-- MeineSeite2 /securimage/audio G.wav
2011.01.06 18:34 B E:\Meine Website\06.01.2011\securimage\audio\H.mp3 <-- MeineSeite2 /securimage/audio H.mp3
2011.01.06 18:34 B E:\Meine Website\06.01.2011\securimage\audio\H.wav <-- MeineSeite2 /securimage/audio H.wav
2011.01.06 18:34 B E:\Meine Website\06.01.2011\securimage\audio\I.mp3 <-- MeineSeite2 /securimage/audio I.mp3
2011.01.06 18:34 B E:\Meine Website\06.01.2011\securimage\audio\I.wav <-- MeineSeite2 /securimage/audio I.wav
2011.01.06 18:34 B E:\Meine Website\06.01.2011\securimage\audio\J.mp3 <-- MeineSeite2 /securimage/audio J.mp3
2011.01.06 18:34 B E:\Meine Website\06.01.2011\securimage\audio\J.wav <-- MeineSeite2 /securimage/audio J.wav
2011.01.06 18:34 B E:\Meine Website\06.01.2011\securimage\audio\K.mp3 <-- MeineSeite2 /securimage/audio K.mp3
2011.01.06 18:34 B E:\Meine Website\06.01.2011\securimage\audio\K.wav <-- MeineSeite2 /securimage/audio K.wav
2011.01.06 18:34 B E:\Meine Website\06.01.2011\securimage\audio\L.mp3 <-- MeineSeite2 /securimage/audio L.mp3
2011.01.06 18:34 B E:\Meine Website\06.01.2011\securimage\audio\L.wav <-- MeineSeite2 /securimage/audio L.wav
2011.01.06 18:34 B E:\Meine Website\06.01.2011\securimage\audio\M.mp3 <-- MeineSeite2 /securimage/audio M.mp3
2011.01.06 18:34 B E:\Meine Website\06.01.2011\securimage\audio\M.wav <-- MeineSeite2 /securimage/audio M.wav
2011.01.06 18:34 B E:\Meine Website\06.01.2011\securimage\audio\N.mp3 <-- MeineSeite2 /securimage/audio N.mp3
2011.01.06 18:34 B E:\Meine Website\06.01.2011\securimage\audio\N.wav <-- MeineSeite2 /securimage/audio N.wav
2011.01.06 18:34 B E:\Meine Website\06.01.2011\securimage\audio\O.mp3 <-- MeineSeite2 /securimage/audio O.mp3
2011.01.06 18:34 B E:\Meine Website\06.01.2011\securimage\audio\O.wav <-- MeineSeite2 /securimage/audio O.wav
2011.01.06 18:34 B E:\Meine Website\06.01.2011\securimage\audio\P.mp3 <-- MeineSeite2 /securimage/audio P.mp3
2011.01.06 18:34 B E:\Meine Website\06.01.2011\securimage\audio\P.wav <-- MeineSeite2 /securimage/audio P.wav
2011.01.06 18:34 B E:\Meine Website\06.01.2011\securimage\audio\Q.mp3 <-- MeineSeite2 /securimage/audio Q.mp3
2011.01.06 18:34 B E:\Meine Website\06.01.2011\securimage\audio\Q.wav <-- MeineSeite2 /securimage/audio Q.wav
2011.01.06 18:34 B E:\Meine Website\06.01.2011\securimage\audio\R.mp3 <-- MeineSeite2 /securimage/audio R.mp3
2011.01.06 18:34 B E:\Meine Website\06.01.2011\securimage\audio\R.wav <-- MeineSeite2 /securimage/audio R.wav
2011.01.06 18:34 B E:\Meine Website\06.01.2011\securimage\audio\S.mp3 <-- MeineSeite2 /securimage/audio S.mp3
2011.01.06 18:34 B E:\Meine Website\06.01.2011\securimage\audio\S.wav <-- MeineSeite2 /securimage/audio S.wav
2011.01.06 18:34 B E:\Meine Website\06.01.2011\securimage\audio\T.mp3 <-- MeineSeite2 /securimage/audio T.mp3
2011.01.06 18:34 B E:\Meine Website\06.01.2011\securimage\audio\T.wav <-- MeineSeite2 /securimage/audio T.wav
2011.01.06 18:34 B E:\Meine Website\06.01.2011\securimage\audio\U.mp3 <-- MeineSeite2 /securimage/audio U.mp3
2011.01.06 18:34 B E:\Meine Website\06.01.2011\securimage\audio\U.wav <-- MeineSeite2 /securimage/audio U.wav
2011.01.06 18:34 B E:\Meine Website\06.01.2011\securimage\audio\V.mp3 <-- MeineSeite2 /securimage/audio V.mp3
2011.01.06 18:34 B E:\Meine Website\06.01.2011\securimage\audio\V.wav <-- MeineSeite2 /securimage/audio V.wav
2011.01.06 18:34 B E:\Meine Website\06.01.2011\securimage\audio\W.mp3 <-- MeineSeite2 /securimage/audio W.mp3
2011.01.06 18:34 B E:\Meine Website\06.01.2011\securimage\audio\W.wav <-- MeineSeite2 /securimage/audio W.wav
2011.01.06 18:34 B E:\Meine Website\06.01.2011\securimage\audio\X.mp3 <-- MeineSeite2 /securimage/audio X.mp3
2011.01.06 18:34 B E:\Meine Website\06.01.2011\securimage\audio\X.wav <-- MeineSeite2 /securimage/audio X.wav
2011.01.06 18:34 B E:\Meine Website\06.01.2011\securimage\audio\Y.mp3 <-- MeineSeite2 /securimage/audio Y.mp3
2011.01.06 18:34 B E:\Meine Website\06.01.2011\securimage\audio\Y.wav <-- MeineSeite2 /securimage/audio Y.wav
2011.01.06 18:34 B E:\Meine Website\06.01.2011\securimage\audio\Z.mp3 <-- MeineSeite2 /securimage/audio Z.mp3
2011.01.06 18:34 B E:\Meine Website\06.01.2011\securimage\audio\Z.wav <-- MeineSeite2 /securimage/audio Z.wav
2011.01.06 18:54 B E:\Meine Website\06.01.2011\securimage\audio\0.mp3 --> ftp.byethost9.com /htdocs/NewLayout/securimage/audio 0.mp3
2011.01.06 18:54 B E:\Meine Website\06.01.2011\securimage\audio\0.wav --> ftp.byethost9.com /htdocs/NewLayout/securimage/audio 0.wav
2011.01.06 18:54 B E:\Meine Website\06.01.2011\securimage\audio\1.mp3 --> ftp.byethost9.com /htdocs/NewLayout/securimage/audio 1.mp3
2011.01.06 18:54 B E:\Meine Website\06.01.2011\securimage\audio\1.wav --> ftp.byethost9.com /htdocs/NewLayout/securimage/audio 1.wav
2011.01.06 18:54 B E:\Meine Website\06.01.2011\securimage\audio\2.mp3 --> ftp.byethost9.com /htdocs/NewLayout/securimage/audio 2.mp3
2011.01.06 18:54 B E:\Meine Website\06.01.2011\securimage\audio\2.wav --> ftp.byethost9.com /htdocs/NewLayout/securimage/audio 2.wav
2011.01.06 18:54 B E:\Meine Website\06.01.2011\securimage\audio\3.mp3 --> ftp.byethost9.com /htdocs/NewLayout/securimage/audio 3.mp3
2011.01.06 18:54 B E:\Meine Website\06.01.2011\securimage\audio\3.wav --> ftp.byethost9.com /htdocs/NewLayout/securimage/audio 3.wav
2011.01.06 18:54 B E:\Meine Website\06.01.2011\securimage\audio\4.mp3 --> ftp.byethost9.com /htdocs/NewLayout/securimage/audio 4.mp3
2011.01.06 18:54 B E:\Meine Website\06.01.2011\securimage\audio\4.wav --> ftp.byethost9.com /htdocs/NewLayout/securimage/audio 4.wav
2011.01.06 18:54 B E:\Meine Website\06.01.2011\securimage\audio\5.mp3 --> ftp.byethost9.com /htdocs/NewLayout/securimage/audio 5.mp3
2011.01.06 18:54 B E:\Meine Website\06.01.2011\securimage\audio\5.wav --> ftp.byethost9.com /htdocs/NewLayout/securimage/audio 5.wav
2011.01.06 18:54 B E:\Meine Website\06.01.2011\securimage\audio\6.mp3 --> ftp.byethost9.com /htdocs/NewLayout/securimage/audio 6.mp3
2011.01.06 18:55 B E:\Meine Website\06.01.2011\securimage\audio\6.wav --> ftp.byethost9.com /htdocs/NewLayout/securimage/audio 6.wav
2011.01.06 18:55 B E:\Meine Website\06.01.2011\securimage\audio\7.mp3 --> ftp.byethost9.com /htdocs/NewLayout/securimage/audio 7.mp3
2011.01.06 18:55 B E:\Meine Website\06.01.2011\securimage\audio\7.wav --> ftp.byethost9.com /htdocs/NewLayout/securimage/audio 7.wav
2011.01.06 18:55 B E:\Meine Website\06.01.2011\securimage\audio\8.mp3 --> ftp.byethost9.com /htdocs/NewLayout/securimage/audio 8.mp3
2011.01.06 18:55 B E:\Meine Website\06.01.2011\securimage\audio\8.wav --> ftp.byethost9.com /htdocs/NewLayout/securimage/audio 8.wav
2011.01.06 18:55 B E:\Meine Website\06.01.2011\securimage\audio\9.mp3 --> ftp.byethost9.com /htdocs/NewLayout/securimage/audio 9.mp3
2011.01.06 18:55 B E:\Meine Website\06.01.2011\securimage\audio\9.wav --> ftp.byethost9.com /htdocs/NewLayout/securimage/audio 9.wav
2011.01.06 18:55 B E:\Meine Website\06.01.2011\securimage\audio\A.mp3 --> ftp.byethost9.com /htdocs/NewLayout/securimage/audio A.mp3
2011.01.06 18:55 B E:\Meine Website\06.01.2011\securimage\audio\A.wav --> ftp.byethost9.com /htdocs/NewLayout/securimage/audio A.wav
2011.01.06 18:55 B E:\Meine Website\06.01.2011\securimage\audio\B.mp3 --> ftp.byethost9.com /htdocs/NewLayout/securimage/audio B.mp3
2011.01.06 18:55 B E:\Meine Website\06.01.2011\securimage\audio\B.wav --> ftp.byethost9.com /htdocs/NewLayout/securimage/audio B.wav
2011.01.06 18:55 B E:\Meine Website\06.01.2011\securimage\audio\C.mp3 --> ftp.byethost9.com /htdocs/NewLayout/securimage/audio C.mp3
2011.01.06 18:55 B E:\Meine Website\06.01.2011\securimage\audio\C.wav --> ftp.byethost9.com /htdocs/NewLayout/securimage/audio C.wav
2011.01.06 18:55 B E:\Meine Website\06.01.2011\securimage\audio\D.mp3 --> ftp.byethost9.com /htdocs/NewLayout/securimage/audio D.mp3
2011.01.06 18:55 B E:\Meine Website\06.01.2011\securimage\audio\D.wav --> ftp.byethost9.com /htdocs/NewLayout/securimage/audio D.wav
2011.01.06 18:55 B E:\Meine Website\06.01.2011\securimage\audio\E.mp3 --> ftp.byethost9.com /htdocs/NewLayout/securimage/audio E.mp3
2011.01.06 18:55 B E:\Meine Website\06.01.2011\securimage\audio\E.wav --> ftp.byethost9.com /htdocs/NewLayout/securimage/audio E.wav
2011.01.06 18:55 B E:\Meine Website\06.01.2011\securimage\audio\F.mp3 --> ftp.byethost9.com /htdocs/NewLayout/securimage/audio F.mp3
2011.01.06 18:55 B E:\Meine Website\06.01.2011\securimage\audio\F.wav --> ftp.byethost9.com /htdocs/NewLayout/securimage/audio F.wav
2011.01.06 18:55 B E:\Meine Website\06.01.2011\securimage\audio\G.mp3 --> ftp.byethost9.com /htdocs/NewLayout/securimage/audio G.mp3
2011.01.06 18:55 B E:\Meine Website\06.01.2011\securimage\audio\G.wav --> ftp.byethost9.com /htdocs/NewLayout/securimage/audio G.wav
2011.01.06 18:55 B E:\Meine Website\06.01.2011\securimage\audio\H.mp3 --> ftp.byethost9.com /htdocs/NewLayout/securimage/audio H.mp3
2011.01.06 18:55 B E:\Meine Website\06.01.2011\securimage\audio\H.wav --> ftp.byethost9.com /htdocs/NewLayout/securimage/audio H.wav
2011.01.06 18:55 B E:\Meine Website\06.01.2011\securimage\audio\I.mp3 --> ftp.byethost9.com /htdocs/NewLayout/securimage/audio I.mp3
2011.01.06 18:55 B E:\Meine Website\06.01.2011\securimage\audio\I.wav --> ftp.byethost9.com /htdocs/NewLayout/securimage/audio I.wav
2011.01.06 18:55 B E:\Meine Website\06.01.2011\securimage\audio\J.mp3 --> ftp.byethost9.com /htdocs/NewLayout/securimage/audio J.mp3
2011.01.06 18:55 B E:\Meine Website\06.01.2011\securimage\audio\J.wav --> ftp.byethost9.com /htdocs/NewLayout/securimage/audio J.wav
2011.01.06 18:55 B E:\Meine Website\06.01.2011\securimage\audio\K.mp3 --> ftp.byethost9.com /htdocs/NewLayout/securimage/audio K.mp3
2011.01.06 18:55 B E:\Meine Website\06.01.2011\securimage\audio\K.wav --> ftp.byethost9.com /htdocs/NewLayout/securimage/audio K.wav
2011.01.06 18:55 B E:\Meine Website\06.01.2011\securimage\audio\L.mp3 --> ftp.byethost9.com /htdocs/NewLayout/securimage/audio L.mp3
2011.01.06 18:55 B E:\Meine Website\06.01.2011\securimage\audio\L.wav --> ftp.byethost9.com /htdocs/NewLayout/securimage/audio L.wav
2011.01.06 18:55 B E:\Meine Website\06.01.2011\securimage\audio\M.mp3 --> ftp.byethost9.com /htdocs/NewLayout/securimage/audio M.mp3
2011.01.06 18:55 B E:\Meine Website\06.01.2011\securimage\audio\M.wav --> ftp.byethost9.com /htdocs/NewLayout/securimage/audio M.wav
2011.01.06 18:55 B E:\Meine Website\06.01.2011\securimage\audio\N.mp3 --> ftp.byethost9.com /htdocs/NewLayout/securimage/audio N.mp3
2011.01.06 18:55 B E:\Meine Website\06.01.2011\securimage\audio\N.wav --> ftp.byethost9.com /htdocs/NewLayout/securimage/audio N.wav
2011.01.06 18:55 B E:\Meine Website\06.01.2011\securimage\audio\O.mp3 --> ftp.byethost9.com /htdocs/NewLayout/securimage/audio O.mp3
2011.01.06 18:55 B E:\Meine Website\06.01.2011\securimage\audio\O.wav --> ftp.byethost9.com /htdocs/NewLayout/securimage/audio O.wav
2011.01.06 18:55 B E:\Meine Website\06.01.2011\securimage\audio\P.mp3 --> ftp.byethost9.com /htdocs/NewLayout/securimage/audio P.mp3
2011.01.06 18:55 B E:\Meine Website\06.01.2011\securimage\audio\P.wav --> ftp.byethost9.com /htdocs/NewLayout/securimage/audio P.wav
2011.01.06 18:55 B E:\Meine Website\06.01.2011\securimage\audio\Q.mp3 --> ftp.byethost9.com /htdocs/NewLayout/securimage/audio Q.mp3
2011.01.06 18:55 B E:\Meine Website\06.01.2011\securimage\audio\Q.wav --> ftp.byethost9.com /htdocs/NewLayout/securimage/audio Q.wav
2011.01.06 18:55 B E:\Meine Website\06.01.2011\securimage\audio\R.mp3 --> ftp.byethost9.com /htdocs/NewLayout/securimage/audio R.mp3
2011.01.06 18:55 B E:\Meine Website\06.01.2011\securimage\audio\R.wav --> ftp.byethost9.com /htdocs/NewLayout/securimage/audio R.wav
2011.01.06 18:55 B E:\Meine Website\06.01.2011\securimage\audio\S.mp3 --> ftp.byethost9.com /htdocs/NewLayout/securimage/audio S.mp3
2011.01.06 18:55 B E:\Meine Website\06.01.2011\securimage\audio\S.wav --> ftp.byethost9.com /htdocs/NewLayout/securimage/audio S.wav
2011.01.06 18:55 B E:\Meine Website\06.01.2011\securimage\audio\T.mp3 --> ftp.byethost9.com /htdocs/NewLayout/securimage/audio T.mp3
2011.01.06 18:55 B E:\Meine Website\06.01.2011\securimage\audio\T.wav --> ftp.byethost9.com /htdocs/NewLayout/securimage/audio T.wav
2011.01.06 18:55 B E:\Meine Website\06.01.2011\securimage\audio\U.mp3 --> ftp.byethost9.com /htdocs/NewLayout/securimage/audio U.mp3
2011.01.06 18:55 B E:\Meine Website\06.01.2011\securimage\audio\U.wav --> ftp.byethost9.com /htdocs/NewLayout/securimage/audio U.wav
2011.01.06 18:55 B E:\Meine Website\06.01.2011\securimage\audio\V.mp3 --> ftp.byethost9.com /htdocs/NewLayout/securimage/audio V.mp3
2011.01.06 18:55 B E:\Meine Website\06.01.2011\securimage\audio\V.wav --> ftp.byethost9.com /htdocs/NewLayout/securimage/audio V.wav
2011.01.06 18:55 B E:\Meine Website\06.01.2011\securimage\audio\W.mp3 --> ftp.byethost9.com /htdocs/NewLayout/securimage/audio W.mp3
2011.01.06 18:55 B E:\Meine Website\06.01.2011\securimage\audio\W.wav --> ftp.byethost9.com /htdocs/NewLayout/securimage/audio W.wav
2011.01.06 18:55 B E:\Meine Website\06.01.2011\securimage\audio\WS_FTP.LOG --> ftp.byethost9.com /htdocs/NewLayout/securimage/audio WS_FTP.LOG
2011.01.06 18:55 B E:\Meine Website\06.01.2011\securimage\audio\X.mp3 --> ftp.byethost9.com /htdocs/NewLayout/securimage/audio X.mp3
2011.01.06 18:55 B E:\Meine Website\06.01.2011\securimage\audio\X.wav --> ftp.byethost9.com /htdocs/NewLayout/securimage/audio X.wav
2011.01.06 18:55 B E:\Meine Website\06.01.2011\securimage\audio\Y.mp3 --> ftp.byethost9.com /htdocs/NewLayout/securimage/audio Y.mp3
2011.01.06 18:56 B E:\Meine Website\06.01.2011\securimage\audio\Y.wav --> ftp.byethost9.com /htdocs/NewLayout/securimage/audio Y.wav
2011.01.06 18:56 B E:\Meine Website\06.01.2011\securimage\audio\Z.mp3 --> ftp.byethost9.com /htdocs/NewLayout/securimage/audio Z.mp3
2011.01.06 18:56 B E:\Meine Website\06.01.2011\securimage\audio\Z.wav --> ftp.byethost9.com /htdocs/NewLayout/securimage/audio Z.wav
2011.01.07 15:03 B E:\Meine Website\06.01.2011\securimage\audio\0.mp3 --> t0bi.bplaced.net /securimage/audio 0.mp3
2011.01.07 15:03 B E:\Meine Website\06.01.2011\securimage\audio\0.wav --> t0bi.bplaced.net /securimage/audio 0.wav
2011.01.07 15:03 B E:\Meine Website\06.01.2011\securimage\audio\1.mp3 --> t0bi.bplaced.net /securimage/audio 1.mp3
2011.01.07 15:03 B E:\Meine Website\06.01.2011\securimage\audio\1.wav --> t0bi.bplaced.net /securimage/audio 1.wav
2011.01.07 15:03 B E:\Meine Website\06.01.2011\securimage\audio\2.mp3 --> t0bi.bplaced.net /securimage/audio 2.mp3
2011.01.07 15:03 B E:\Meine Website\06.01.2011\securimage\audio\2.wav --> t0bi.bplaced.net /securimage/audio 2.wav
2011.01.07 15:03 B E:\Meine Website\06.01.2011\securimage\audio\3.mp3 --> t0bi.bplaced.net /securimage/audio 3.mp3
2011.01.07 15:03 B E:\Meine Website\06.01.2011\securimage\audio\3.wav --> t0bi.bplaced.net /securimage/audio 3.wav
2011.01.07 15:03 B E:\Meine Website\06.01.2011\securimage\audio\4.mp3 --> t0bi.bplaced.net /securimage/audio 4.mp3
2011.01.07 15:03 B E:\Meine Website\06.01.2011\securimage\audio\4.wav --> t0bi.bplaced.net /securimage/audio 4.wav
2011.01.07 15:03 B E:\Meine Website\06.01.2011\securimage\audio\5.mp3 --> t0bi.bplaced.net /securimage/audio 5.mp3
2011.01.07 15:03 B E:\Meine Website\06.01.2011\securimage\audio\5.wav --> t0bi.bplaced.net /securimage/audio 5.wav
2011.01.07 15:03 B E:\Meine Website\06.01.2011\securimage\audio\6.mp3 --> t0bi.bplaced.net /securimage/audio 6.mp3
2011.01.07 15:03 B E:\Meine Website\06.01.2011\securimage\audio\6.wav --> t0bi.bplaced.net /securimage/audio 6.wav
2011.01.07 15:03 B E:\Meine Website\06.01.2011\securimage\audio\7.mp3 --> t0bi.bplaced.net /securimage/audio 7.mp3
2011.01.07 15:03 B E:\Meine Website\06.01.2011\securimage\audio\7.wav --> t0bi.bplaced.net /securimage/audio 7.wav
2011.01.07 15:03 B E:\Meine Website\06.01.2011\securimage\audio\8.mp3 --> t0bi.bplaced.net /securimage/audio 8.mp3
2011.01.07 15:03 B E:\Meine Website\06.01.2011\securimage\audio\8.wav --> t0bi.bplaced.net /securimage/audio 8.wav
2011.01.07 15:03 B E:\Meine Website\06.01.2011\securimage\audio\9.mp3 --> t0bi.bplaced.net /securimage/audio 9.mp3
2011.01.07 15:03 B E:\Meine Website\06.01.2011\securimage\audio\9.wav --> t0bi.bplaced.net /securimage/audio 9.wav
2011.01.07 15:03 B E:\Meine Website\06.01.2011\securimage\audio\A.mp3 --> t0bi.bplaced.net /securimage/audio A.mp3
2011.01.07 15:03 B E:\Meine Website\06.01.2011\securimage\audio\A.wav --> t0bi.bplaced.net /securimage/audio A.wav
2011.01.07 15:03 B E:\Meine Website\06.01.2011\securimage\audio\B.mp3 --> t0bi.bplaced.net /securimage/audio B.mp3
2011.01.07 15:04 B E:\Meine Website\06.01.2011\securimage\audio\B.wav --> t0bi.bplaced.net /securimage/audio B.wav
2011.01.07 15:04 B E:\Meine Website\06.01.2011\securimage\audio\C.mp3 --> t0bi.bplaced.net /securimage/audio C.mp3
2011.01.07 15:04 B E:\Meine Website\06.01.2011\securimage\audio\C.wav --> t0bi.bplaced.net /securimage/audio C.wav
2011.01.07 15:04 B E:\Meine Website\06.01.2011\securimage\audio\D.mp3 --> t0bi.bplaced.net /securimage/audio D.mp3
2011.01.07 15:04 B E:\Meine Website\06.01.2011\securimage\audio\D.wav --> t0bi.bplaced.net /securimage/audio D.wav
2011.01.07 15:04 B E:\Meine Website\06.01.2011\securimage\audio\E.mp3 --> t0bi.bplaced.net /securimage/audio E.mp3
2011.01.07 15:04 B E:\Meine Website\06.01.2011\securimage\audio\E.wav --> t0bi.bplaced.net /securimage/audio E.wav
2011.01.07 15:04 B E:\Meine Website\06.01.2011\securimage\audio\F.mp3 --> t0bi.bplaced.net /securimage/audio F.mp3
2011.01.07 15:04 B E:\Meine Website\06.01.2011\securimage\audio\F.wav --> t0bi.bplaced.net /securimage/audio F.wav
2011.01.07 15:04 B E:\Meine Website\06.01.2011\securimage\audio\G.mp3 --> t0bi.bplaced.net /securimage/audio G.mp3
2011.01.07 15:04 B E:\Meine Website\06.01.2011\securimage\audio\G.wav --> t0bi.bplaced.net /securimage/audio G.wav
2011.01.07 15:04 B E:\Meine Website\06.01.2011\securimage\audio\H.mp3 --> t0bi.bplaced.net /securimage/audio H.mp3
2011.01.07 15:04 B E:\Meine Website\06.01.2011\securimage\audio\H.wav --> t0bi.bplaced.net /securimage/audio H.wav
2011.01.07 15:04 B E:\Meine Website\06.01.2011\securimage\audio\I.mp3 --> t0bi.bplaced.net /securimage/audio I.mp3
2011.01.07 15:04 B E:\Meine Website\06.01.2011\securimage\audio\I.wav --> t0bi.bplaced.net /securimage/audio I.wav
2011.01.07 15:04 B E:\Meine Website\06.01.2011\securimage\audio\J.mp3 --> t0bi.bplaced.net /securimage/audio J.mp3
2011.01.07 15:04 B E:\Meine Website\06.01.2011\securimage\audio\J.wav --> t0bi.bplaced.net /securimage/audio J.wav
2011.01.07 15:04 B E:\Meine Website\06.01.2011\securimage\audio\K.mp3 --> t0bi.bplaced.net /securimage/audio K.mp3
2011.01.07 15:04 B E:\Meine Website\06.01.2011\securimage\audio\K.wav --> t0bi.bplaced.net /securimage/audio K.wav
2011.01.07 15:04 B E:\Meine Website\06.01.2011\securimage\audio\L.mp3 --> t0bi.bplaced.net /securimage/audio L.mp3
2011.01.07 15:04 B E:\Meine Website\06.01.2011\securimage\audio\L.wav --> t0bi.bplaced.net /securimage/audio L.wav
2011.01.07 15:04 B E:\Meine Website\06.01.2011\securimage\audio\M.mp3 --> t0bi.bplaced.net /securimage/audio M.mp3
2011.01.07 15:04 B E:\Meine Website\06.01.2011\securimage\audio\M.wav --> t0bi.bplaced.net /securimage/audio M.wav
2011.01.07 15:04 B E:\Meine Website\06.01.2011\securimage\audio\N.mp3 --> t0bi.bplaced.net /securimage/audio N.mp3
2011.01.07 15:04 B E:\Meine Website\06.01.2011\securimage\audio\N.wav --> t0bi.bplaced.net /securimage/audio N.wav
2011.01.07 15:04 B E:\Meine Website\06.01.2011\securimage\audio\O.mp3 --> t0bi.bplaced.net /securimage/audio O.mp3
2011.01.07 15:04 B E:\Meine Website\06.01.2011\securimage\audio\O.wav --> t0bi.bplaced.net /securimage/audio O.wav
2011.01.07 15:04 B E:\Meine Website\06.01.2011\securimage\audio\P.mp3 --> t0bi.bplaced.net /securimage/audio P.mp3
2011.01.07 15:04 B E:\Meine Website\06.01.2011\securimage\audio\P.wav --> t0bi.bplaced.net /securimage/audio P.wav
2011.01.07 15:04 B E:\Meine Website\06.01.2011\securimage\audio\Q.mp3 --> t0bi.bplaced.net /securimage/audio Q.mp3
2011.01.07 15:04 B E:\Meine Website\06.01.2011\securimage\audio\Q.wav --> t0bi.bplaced.net /securimage/audio Q.wav
2011.01.07 15:04 B E:\Meine Website\06.01.2011\securimage\audio\R.mp3 --> t0bi.bplaced.net /securimage/audio R.mp3
2011.01.07 15:04 B E:\Meine Website\06.01.2011\securimage\audio\R.wav --> t0bi.bplaced.net /securimage/audio R.wav
2011.01.07 15:04 B E:\Meine Website\06.01.2011\securimage\audio\S.mp3 --> t0bi.bplaced.net /securimage/audio S.mp3
2011.01.07 15:04 B E:\Meine Website\06.01.2011\securimage\audio\S.wav --> t0bi.bplaced.net /securimage/audio S.wav
2011.01.07 15:04 B E:\Meine Website\06.01.2011\securimage\audio\T.mp3 --> t0bi.bplaced.net /securimage/audio T.mp3
2011.01.07 15:04 B E:\Meine Website\06.01.2011\securimage\audio\T.wav --> t0bi.bplaced.net /securimage/audio T.wav
2011.01.07 15:04 B E:\Meine Website\06.01.2011\securimage\audio\U.mp3 --> t0bi.bplaced.net /securimage/audio U.mp3
2011.01.07 15:04 B E:\Meine Website\06.01.2011\securimage\audio\U.wav --> t0bi.bplaced.net /securimage/audio U.wav
2011.01.07 15:05 B E:\Meine Website\06.01.2011\securimage\audio\V.mp3 --> t0bi.bplaced.net /securimage/audio V.mp3
2011.01.07 15:05 B E:\Meine Website\06.01.2011\securimage\audio\V.wav --> t0bi.bplaced.net /securimage/audio V.wav
2011.01.07 15:05 B E:\Meine Website\06.01.2011\securimage\audio\W.mp3 --> t0bi.bplaced.net /securimage/audio W.mp3
2011.01.07 15:05 B E:\Meine Website\06.01.2011\securimage\audio\W.wav --> t0bi.bplaced.net /securimage/audio W.wav
