2011.01.06 18:34 B E:\Meine Website\06.01.2011\securimage\AHGBold.ttf <-- MeineSeite2 /securimage AHGBold.ttf
2011.01.06 18:34 B E:\Meine Website\06.01.2011\securimage\example_form.php <-- MeineSeite2 /securimage example_form.php
2011.01.06 18:34 B E:\Meine Website\06.01.2011\securimage\LICENSE.txt <-- MeineSeite2 /securimage LICENSE.txt
2011.01.06 18:34 B E:\Meine Website\06.01.2011\securimage\README.FONT.txt <-- MeineSeite2 /securimage README.FONT.txt
2011.01.06 18:34 B E:\Meine Website\06.01.2011\securimage\README.txt <-- MeineSeite2 /securimage README.txt
2011.01.06 18:34 B E:\Meine Website\06.01.2011\securimage\securimage.php <-- MeineSeite2 /securimage securimage.php
2011.01.06 18:34 B E:\Meine Website\06.01.2011\securimage\securimage_play.php <-- MeineSeite2 /securimage securimage_play.php
2011.01.06 18:34 B E:\Meine Website\06.01.2011\securimage\securimage_play.swf <-- MeineSeite2 /securimage securimage_play.swf
2011.01.06 18:34 B E:\Meine Website\06.01.2011\securimage\securimage_show.php <-- MeineSeite2 /securimage securimage_show.php
2011.01.06 18:34 B E:\Meine Website\06.01.2011\securimage\securimage_show_example.php <-- MeineSeite2 /securimage securimage_show_example.php
2011.01.06 18:34 B E:\Meine Website\06.01.2011\securimage\securimage_show_example2.php <-- MeineSeite2 /securimage securimage_show_example2.php
2011.01.06 18:56 B E:\Meine Website\06.01.2011\securimage\AHGBold.ttf --> ftp.byethost9.com /htdocs/NewLayout/securimage AHGBold.ttf
2011.01.06 18:56 B E:\Meine Website\06.01.2011\securimage\example_form.php --> ftp.byethost9.com /htdocs/NewLayout/securimage example_form.php
2011.01.06 18:56 B E:\Meine Website\06.01.2011\securimage\LICENSE.txt --> ftp.byethost9.com /htdocs/NewLayout/securimage LICENSE.txt
2011.01.06 18:56 B E:\Meine Website\06.01.2011\securimage\README.FONT.txt --> ftp.byethost9.com /htdocs/NewLayout/securimage README.FONT.txt
2011.01.06 18:56 B E:\Meine Website\06.01.2011\securimage\README.txt --> ftp.byethost9.com /htdocs/NewLayout/securimage README.txt
2011.01.06 18:56 B E:\Meine Website\06.01.2011\securimage\securimage.php --> ftp.byethost9.com /htdocs/NewLayout/securimage securimage.php
2011.01.06 18:56 B E:\Meine Website\06.01.2011\securimage\securimage_play.php --> ftp.byethost9.com /htdocs/NewLayout/securimage securimage_play.php
2011.01.06 18:56 B E:\Meine Website\06.01.2011\securimage\securimage_play.swf --> ftp.byethost9.com /htdocs/NewLayout/securimage securimage_play.swf
2011.01.06 18:56 B E:\Meine Website\06.01.2011\securimage\securimage_show.php --> ftp.byethost9.com /htdocs/NewLayout/securimage securimage_show.php
2011.01.06 18:56 B E:\Meine Website\06.01.2011\securimage\securimage_show_example.php --> ftp.byethost9.com /htdocs/NewLayout/securimage securimage_show_example.php
2011.01.06 18:56 B E:\Meine Website\06.01.2011\securimage\securimage_show_example2.php --> ftp.byethost9.com /htdocs/NewLayout/securimage securimage_show_example2.php
2011.01.06 18:56 B E:\Meine Website\06.01.2011\securimage\WS_FTP.LOG --> ftp.byethost9.com /htdocs/NewLayout/securimage WS_FTP.LOG
2011.01.07 15:05 B E:\Meine Website\06.01.2011\securimage\AHGBold.ttf --> t0bi.bplaced.net /securimage AHGBold.ttf
2011.01.07 15:05 B E:\Meine Website\06.01.2011\securimage\example_form.php --> t0bi.bplaced.net /securimage example_form.php
2011.01.07 15:05 B E:\Meine Website\06.01.2011\securimage\LICENSE.txt --> t0bi.bplaced.net /securimage LICENSE.txt
2011.01.07 15:05 B E:\Meine Website\06.01.2011\securimage\README.FONT.txt --> t0bi.bplaced.net /securimage README.FONT.txt
2011.01.07 15:05 B E:\Meine Website\06.01.2011\securimage\README.txt --> t0bi.bplaced.net /securimage README.txt
2011.01.07 15:05 B E:\Meine Website\06.01.2011\securimage\securimage.php --> t0bi.bplaced.net /securimage securimage.php
2011.01.07 15:05 B E:\Meine Website\06.01.2011\securimage\securimage_play.php --> t0bi.bplaced.net /securimage securimage_play.php
2011.01.07 15:05 B E:\Meine Website\06.01.2011\securimage\securimage_play.swf --> t0bi.bplaced.net /securimage securimage_play.swf
2011.01.07 15:05 B E:\Meine Website\06.01.2011\securimage\securimage_show.php --> t0bi.bplaced.net /securimage securimage_show.php
2011.01.07 15:05 B E:\Meine Website\06.01.2011\securimage\securimage_show_example.php --> t0bi.bplaced.net /securimage securimage_show_example.php
2011.01.07 15:06 B E:\Meine Website\06.01.2011\securimage\securimage_show_example2.php --> t0bi.bplaced.net /securimage securimage_show_example2.php
